2022-01-03 14:30:28.386  INFO 3180 --- [restartedMain] c.p.guardia2.Guardia2Application         : Starting Guardia2Application using Java 15.0.1 on DESKTOP-KTL7JPA with PID 3180 (C:\Users\Usuario\Desktop\Sistemas\5to Anio\Práctica Supervisada\guardia2\guardia2\target\classes started by Usuario in C:\Users\Usuario\Desktop\Sistemas\5to Anio\Práctica Supervisada\guardia2\guardia2)
2022-01-03 14:30:28.387  INFO 3180 --- [restartedMain] c.p.guardia2.Guardia2Application         : No active profile set, falling back to default profiles: default
2022-01-03 14:30:28.757  INFO 3180 --- [restartedMain] .s.d.r.c.RepositoryConfigurationDelegate : Bootstrapping Spring Data JPA repositories in DEFAULT mode.
2022-01-03 14:30:28.834  INFO 3180 --- [restartedMain] .s.d.r.c.RepositoryConfigurationDelegate : Finished Spring Data repository scanning in 76 ms. Found 12 JPA repository interfaces.
2022-01-03 14:30:29.085  INFO 3180 --- [restartedMain] o.s.b.w.embedded.tomcat.TomcatWebServer  : Tomcat initialized with port(s): 8080 (http)
2022-01-03 14:30:29.089  INFO 3180 --- [restartedMain] o.apache.catalina.core.StandardService   : Starting service [Tomcat]
2022-01-03 14:30:29.090  INFO 3180 --- [restartedMain] org.apache.catalina.core.StandardEngine  : Starting Servlet engine: [Apache Tomcat/9.0.54]
2022-01-03 14:30:29.141  INFO 3180 --- [restartedMain] o.a.c.c.C.[Tomcat].[localhost].[/]       : Initializing Spring embedded WebApplicationContext
2022-01-03 14:30:29.141  INFO 3180 --- [restartedMain] w.s.c.ServletWebServerApplicationContext : Root WebApplicationContext: initialization completed in 749 ms
2022-01-03 14:30:29.245  INFO 3180 --- [restartedMain] o.hibernate.jpa.internal.util.LogHelper  : HHH000204: Processing PersistenceUnitInfo [name: default]
2022-01-03 14:30:29.258  INFO 3180 --- [restartedMain] com.zaxxer.hikari.HikariDataSource       : HikariPool-2 - Starting...
2022-01-03 14:30:29.357  INFO 3180 --- [restartedMain] com.zaxxer.hikari.HikariDataSource       : HikariPool-2 - Start completed.
2022-01-03 14:30:29.358  INFO 3180 --- [restartedMain] org.hibernate.dialect.Dialect            : HHH000400: Using dialect: org.hibernate.dialect.PostgreSQLDialect
2022-01-03 14:30:30.097  INFO 3180 --- [restartedMain] o.h.e.t.j.p.i.JtaPlatformInitiator       : HHH000490: Using JtaPlatform implementation: [org.hibernate.engine.transaction.jta.platform.internal.NoJtaPlatform]
2022-01-03 14:30:30.098  INFO 3180 --- [restartedMain] j.LocalContainerEntityManagerFactoryBean : Initialized JPA EntityManagerFactory for persistence unit 'default'
2022-01-03 14:30:30.151  WARN 3180 --- [restartedMain] JpaBaseConfiguration$JpaWebConfiguration : spring.jpa.open-in-view is enabled by default. Therefore, database queries may be performed during view rendering. Explicitly configure spring.jpa.open-in-view to disable this warning
2022-01-03 14:30:31.291  INFO 3180 --- [restartedMain] o.s.s.web.DefaultSecurityFilterChain     : Will secure any request with [org.springframework.security.web.context.request.async.WebAsyncManagerIntegrationFilter@c98039, org.springframework.security.web.context.SecurityContextPersistenceFilter@200e071c, org.springframework.security.web.header.HeaderWriterFilter@13e9aab1, org.springframework.security.web.authentication.logout.LogoutFilter@4d1cd223, org.springframework.security.web.authentication.UsernamePasswordAuthenticationFilter@c2bde92, org.springframework.security.web.savedrequest.RequestCacheAwareFilter@1e5b4f9b, org.springframework.security.web.servletapi.SecurityContextHolderAwareRequestFilter@4039d2c3, org.springframework.security.web.authentication.AnonymousAuthenticationFilter@70e1d677, org.springframework.security.web.session.SessionManagementFilter@16f96ce7, org.springframework.security.web.access.ExceptionTranslationFilter@f162fa1, org.springframework.security.web.access.intercept.FilterSecurityInterceptor@7aa80ef3]
2022-01-03 14:30:31.537  INFO 3180 --- [restartedMain] o.s.b.d.a.OptionalLiveReloadServer       : LiveReload server is running on port 35729
2022-01-03 14:30:31.561  INFO 3180 --- [restartedMain] o.s.b.w.embedded.tomcat.TomcatWebServer  : Tomcat started on port(s): 8080 (http) with context path ''
2022-01-03 14:30:31.567  INFO 3180 --- [restartedMain] c.p.guardia2.Guardia2Application         : Started Guardia2Application in 3.244 seconds (JVM running for 29.534)
2022-01-03 14:30:31.571  INFO 3180 --- [restartedMain] .ConditionEvaluationDeltaLoggingListener : Condition evaluation unchanged
2022-01-03 14:30:36.673  INFO 3180 --- [http-nio-8080-exec-1] o.a.c.c.C.[Tomcat].[localhost].[/]       : Initializing Spring DispatcherServlet 'dispatcherServlet'
2022-01-03 14:30:36.674  INFO 3180 --- [http-nio-8080-exec-1] o.s.web.servlet.DispatcherServlet        : Initializing Servlet 'dispatcherServlet'
2022-01-03 14:30:36.676  INFO 3180 --- [http-nio-8080-exec-1] o.s.web.servlet.DispatcherServlet        : Completed initialization in 2 ms
2022-01-03 14:30:54.229  INFO 3180 --- [Thread-7] j.LocalContainerEntityManagerFactoryBean : Closing JPA EntityManagerFactory for persistence unit 'default'
2022-01-03 14:30:54.230  INFO 3180 --- [Thread-7] com.zaxxer.hikari.HikariDataSource       : HikariPool-2 - Shutdown initiated...
2022-01-03 14:30:54.236  INFO 3180 --- [Thread-7] com.zaxxer.hikari.HikariDataSource       : HikariPool-2 - Shutdown completed.
