2022-01-03 14:30:04.353  INFO 3180 --- [restartedMain] c.p.guardia2.Guardia2Application         : Starting Guardia2Application using Java 15.0.1 on DESKTOP-KTL7JPA with PID 3180 (C:\Users\Usuario\Desktop\Sistemas\5to Anio\Práctica Supervisada\guardia2\guardia2\target\classes started by Usuario in C:\Users\Usuario\Desktop\Sistemas\5to Anio\Práctica Supervisada\guardia2\guardia2)
2022-01-03 14:30:04.357  INFO 3180 --- [restartedMain] c.p.guardia2.Guardia2Application         : No active profile set, falling back to default profiles: default
2022-01-03 14:30:04.468  INFO 3180 --- [restartedMain] .e.DevToolsPropertyDefaultsPostProcessor : Devtools property defaults active! Set 'spring.devtools.add-properties' to 'false' to disable
2022-01-03 14:30:04.469  INFO 3180 --- [restartedMain] .e.DevToolsPropertyDefaultsPostProcessor : For additional web related logging consider setting the 'logging.level.web' property to 'DEBUG'
2022-01-03 14:30:05.935  INFO 3180 --- [restartedMain] .s.d.r.c.RepositoryConfigurationDelegate : Bootstrapping Spring Data JPA repositories in DEFAULT mode.
2022-01-03 14:30:06.132  INFO 3180 --- [restartedMain] .s.d.r.c.RepositoryConfigurationDelegate : Finished Spring Data repository scanning in 179 ms. Found 12 JPA repository interfaces.
2022-01-03 14:30:07.346  INFO 3180 --- [restartedMain] o.s.b.w.embedded.tomcat.TomcatWebServer  : Tomcat initialized with port(s): 8080 (http)
2022-01-03 14:30:07.359  INFO 3180 --- [restartedMain] o.apache.catalina.core.StandardService   : Starting service [Tomcat]
2022-01-03 14:30:07.360  INFO 3180 --- [restartedMain] org.apache.catalina.core.StandardEngine  : Starting Servlet engine: [Apache Tomcat/9.0.54]
2022-01-03 14:30:07.562  INFO 3180 --- [restartedMain] o.a.c.c.C.[Tomcat].[localhost].[/]       : Initializing Spring embedded WebApplicationContext
2022-01-03 14:30:07.562  INFO 3180 --- [restartedMain] w.s.c.ServletWebServerApplicationContext : Root WebApplicationContext: initialization completed in 3092 ms
2022-01-03 14:30:07.880  INFO 3180 --- [restartedMain] o.hibernate.jpa.internal.util.LogHelper  : HHH000204: Processing PersistenceUnitInfo [name: default]
2022-01-03 14:30:07.975  INFO 3180 --- [restartedMain] org.hibernate.Version                    : HHH000412: Hibernate ORM core version 5.4.32.Final
2022-01-03 14:30:08.186  INFO 3180 --- [restartedMain] o.hibernate.annotations.common.Version   : HCANN000001: Hibernate Commons Annotations {5.1.2.Final}
2022-01-03 14:30:08.383  INFO 3180 --- [restartedMain] com.zaxxer.hikari.HikariDataSource       : HikariPool-1 - Starting...
2022-01-03 14:30:08.684  INFO 3180 --- [restartedMain] com.zaxxer.hikari.HikariDataSource       : HikariPool-1 - Start completed.
2022-01-03 14:30:08.713  INFO 3180 --- [restartedMain] org.hibernate.dialect.Dialect            : HHH000400: Using dialect: org.hibernate.dialect.PostgreSQLDialect
2022-01-03 14:30:10.709  INFO 3180 --- [restartedMain] o.h.e.t.j.p.i.JtaPlatformInitiator       : HHH000490: Using JtaPlatform implementation: [org.hibernate.engine.transaction.jta.platform.internal.NoJtaPlatform]
2022-01-03 14:30:10.724  INFO 3180 --- [restartedMain] j.LocalContainerEntityManagerFactoryBean : Initialized JPA EntityManagerFactory for persistence unit 'default'
2022-01-03 14:30:10.840  WARN 3180 --- [restartedMain] JpaBaseConfiguration$JpaWebConfiguration : spring.jpa.open-in-view is enabled by default. Therefore, database queries may be performed during view rendering. Explicitly configure spring.jpa.open-in-view to disable this warning
2022-01-03 14:30:12.422  INFO 3180 --- [restartedMain] o.s.s.web.DefaultSecurityFilterChain     : Will secure any request with [org.springframework.security.web.context.request.async.WebAsyncManagerIntegrationFilter@3b3033a1, org.springframework.security.web.context.SecurityContextPersistenceFilter@6f6d3704, org.springframework.security.web.header.HeaderWriterFilter@2433197d, org.springframework.security.web.authentication.logout.LogoutFilter@34612b13, org.springframework.security.web.authentication.UsernamePasswordAuthenticationFilter@78062e0e, org.springframework.security.web.savedrequest.RequestCacheAwareFilter@164813ff, org.springframework.security.web.servletapi.SecurityContextHolderAwareRequestFilter@d3da486, org.springframework.security.web.authentication.AnonymousAuthenticationFilter@31fdd4b8, org.springframework.security.web.session.SessionManagementFilter@191f8fca, org.springframework.security.web.access.ExceptionTranslationFilter@357dc45b, org.springframework.security.web.access.intercept.FilterSecurityInterceptor@79b525a9]
2022-01-03 14:30:13.145  INFO 3180 --- [restartedMain] o.s.b.d.a.OptionalLiveReloadServer       : LiveReload server is running on port 35729
2022-01-03 14:30:13.223  INFO 3180 --- [restartedMain] o.s.b.w.embedded.tomcat.TomcatWebServer  : Tomcat started on port(s): 8080 (http) with context path ''
2022-01-03 14:30:13.240  INFO 3180 --- [restartedMain] c.p.guardia2.Guardia2Application         : Started Guardia2Application in 9.561 seconds (JVM running for 11.207)
2022-01-03 14:30:28.190  INFO 3180 --- [Thread-5] j.LocalContainerEntityManagerFactoryBean : Closing JPA EntityManagerFactory for persistence unit 'default'
2022-01-03 14:30:28.193  INFO 3180 --- [Thread-5] com.zaxxer.hikari.HikariDataSource       : HikariPool-1 - Shutdown initiated...
2022-01-03 14:30:28.197  INFO 3180 --- [Thread-5] com.zaxxer.hikari.HikariDataSource       : HikariPool-1 - Shutdown completed.
