2022-01-03 10:01:52.793  INFO 4388 --- [restartedMain] c.p.guardia2.Guardia2Application         : Starting Guardia2Application using Java 15.0.1 on DESKTOP-KTL7JPA with PID 4388 (C:\Users\Usuario\Desktop\Sistemas\5to Anio\Práctica Supervisada\guardia2\guardia2\target\classes started by Usuario in C:\Users\Usuario\Desktop\Sistemas\5to Anio\Práctica Supervisada\guardia2\guardia2)
2022-01-03 10:01:52.793  INFO 4388 --- [restartedMain] c.p.guardia2.Guardia2Application         : No active profile set, falling back to default profiles: default
2022-01-03 10:01:53.059  INFO 4388 --- [restartedMain] .s.d.r.c.RepositoryConfigurationDelegate : Bootstrapping Spring Data JPA repositories in DEFAULT mode.
2022-01-03 10:01:53.123  INFO 4388 --- [restartedMain] .s.d.r.c.RepositoryConfigurationDelegate : Finished Spring Data repository scanning in 63 ms. Found 12 JPA repository interfaces.
2022-01-03 10:01:53.302  INFO 4388 --- [restartedMain] o.s.b.w.embedded.tomcat.TomcatWebServer  : Tomcat initialized with port(s): 8080 (http)
2022-01-03 10:01:53.304  INFO 4388 --- [restartedMain] o.apache.catalina.core.StandardService   : Starting service [Tomcat]
2022-01-03 10:01:53.304  INFO 4388 --- [restartedMain] org.apache.catalina.core.StandardEngine  : Starting Servlet engine: [Apache Tomcat/9.0.54]
2022-01-03 10:01:53.336  INFO 4388 --- [restartedMain] o.a.c.c.C.[Tomcat].[localhost].[/]       : Initializing Spring embedded WebApplicationContext
2022-01-03 10:01:53.336  INFO 4388 --- [restartedMain] w.s.c.ServletWebServerApplicationContext : Root WebApplicationContext: initialization completed in 540 ms
2022-01-03 10:01:53.391  INFO 4388 --- [restartedMain] o.hibernate.jpa.internal.util.LogHelper  : HHH000204: Processing PersistenceUnitInfo [name: default]
2022-01-03 10:01:53.398  INFO 4388 --- [restartedMain] com.zaxxer.hikari.HikariDataSource       : HikariPool-9 - Starting...
2022-01-03 10:01:53.470  INFO 4388 --- [restartedMain] com.zaxxer.hikari.HikariDataSource       : HikariPool-9 - Start completed.
2022-01-03 10:01:53.470  INFO 4388 --- [restartedMain] org.hibernate.dialect.Dialect            : HHH000400: Using dialect: org.hibernate.dialect.PostgreSQLDialect
2022-01-03 10:01:53.888  INFO 4388 --- [restartedMain] o.h.e.t.j.p.i.JtaPlatformInitiator       : HHH000490: Using JtaPlatform implementation: [org.hibernate.engine.transaction.jta.platform.internal.NoJtaPlatform]
2022-01-03 10:01:53.889  INFO 4388 --- [restartedMain] j.LocalContainerEntityManagerFactoryBean : Initialized JPA EntityManagerFactory for persistence unit 'default'
2022-01-03 10:01:53.915  WARN 4388 --- [restartedMain] JpaBaseConfiguration$JpaWebConfiguration : spring.jpa.open-in-view is enabled by default. Therefore, database queries may be performed during view rendering. Explicitly configure spring.jpa.open-in-view to disable this warning
2022-01-03 10:01:54.383  INFO 4388 --- [restartedMain] o.s.s.web.DefaultSecurityFilterChain     : Will secure any request with [org.springframework.security.web.context.request.async.WebAsyncManagerIntegrationFilter@7f4f5611, org.springframework.security.web.context.SecurityContextPersistenceFilter@41fcd06c, org.springframework.security.web.header.HeaderWriterFilter@f255550, org.springframework.security.web.authentication.logout.LogoutFilter@405ada2, org.springframework.security.web.authentication.UsernamePasswordAuthenticationFilter@253f6d9, org.springframework.security.web.savedrequest.RequestCacheAwareFilter@7b2917e5, org.springframework.security.web.servletapi.SecurityContextHolderAwareRequestFilter@5e035205, org.springframework.security.web.authentication.AnonymousAuthenticationFilter@4d559129, org.springframework.security.web.session.SessionManagementFilter@56c57ccc, org.springframework.security.web.access.ExceptionTranslationFilter@62eb0086, org.springframework.security.web.access.intercept.FilterSecurityInterceptor@2405a10e]
2022-01-03 10:01:54.547  INFO 4388 --- [restartedMain] o.s.b.d.a.OptionalLiveReloadServer       : LiveReload server is running on port 35729
2022-01-03 10:01:54.563  INFO 4388 --- [restartedMain] o.s.b.w.embedded.tomcat.TomcatWebServer  : Tomcat started on port(s): 8080 (http) with context path ''
2022-01-03 10:01:54.568  INFO 4388 --- [restartedMain] c.p.guardia2.Guardia2Application         : Started Guardia2Application in 1.836 seconds (JVM running for 1372.067)
2022-01-03 10:01:54.569  INFO 4388 --- [restartedMain] .ConditionEvaluationDeltaLoggingListener : Condition evaluation unchanged
2022-01-03 10:02:24.182  INFO 4388 --- [http-nio-8080-exec-1] o.a.c.c.C.[Tomcat].[localhost].[/]       : Initializing Spring DispatcherServlet 'dispatcherServlet'
2022-01-03 10:02:24.183  INFO 4388 --- [http-nio-8080-exec-1] o.s.web.servlet.DispatcherServlet        : Initializing Servlet 'dispatcherServlet'
2022-01-03 10:02:24.184  INFO 4388 --- [http-nio-8080-exec-1] o.s.web.servlet.DispatcherServlet        : Completed initialization in 1 ms
2022-01-03 10:03:16.041  INFO 4388 --- [Thread-35] j.LocalContainerEntityManagerFactoryBean : Closing JPA EntityManagerFactory for persistence unit 'default'
2022-01-03 10:03:16.042  INFO 4388 --- [Thread-35] com.zaxxer.hikari.HikariDataSource       : HikariPool-9 - Shutdown initiated...
2022-01-03 10:03:16.044  INFO 4388 --- [Thread-35] com.zaxxer.hikari.HikariDataSource       : HikariPool-9 - Shutdown completed.
